This file contains any messages produced by compilers while
running configure, to aid debugging if configure makes a mistake.

It was created by vinterm configure 0.1.0, which was
generated by GNU Autoconf 2.68.  Invocation command line was

  $ ./configure 

## --------- ##
## Platform. ##
## --------- ##

hostname = andre-Dell-System-XPS-L502X
uname -m = x86_64
uname -r = 3.0.0-12-generic
uname -s = Linux
uname -v = #20-Ubuntu SMP Fri Oct 7 14:56:25 UTC 2011

/usr/bin/uname -p = unknown
/bin/uname -X     = unknown

/bin/arch              = unknown
/usr/bin/arch -k       = unknown
/usr/convex/getsysinfo = unknown
/usr/bin/hostinfo      = unknown
/bin/machine           = unknown
/usr/bin/oslevel       = unknown
/bin/universe          = unknown

PATH: /usr/lib/lightdm/lightdm
PATH: /usr/local/sbin
PATH: /usr/local/bin
PATH: /usr/sbin
PATH: /usr/bin
PATH: /sbin
PATH: /bin
PATH: /usr/games


## ----------- ##
## Core tests. ##
## ----------- ##

configure:2160: checking for a BSD-compatible install
configure:2228: result: /usr/bin/install -c
configure:2239: checking whether build environment is sane
configure:2289: result: yes
configure:2430: checking for a thread-safe mkdir -p
configure:2469: result: /bin/mkdir -p
configure:2482: checking for gawk
configure:2498: found /usr/bin/gawk
configure:2509: result: gawk
configure:2520: checking whether make sets $(MAKE)
configure:2542: result: yes
configure:2684: checking for g++
configure:2700: found /usr/bin/g++
configure:2711: result: g++
configure:2738: checking for C++ compiler version
configure:2747: g++ --version >&5
g++ (Ubuntu/Linaro 4.6.1-9ubuntu3) 4.6.1
Copyright (C) 2011 Free Software Foundation, Inc.
This is free software; see the source for copying conditions.  There is NO
warranty; not even for MERCHANTABILITY or FITNESS FOR A PARTICULAR PURPOSE.

configure:2758: $? = 0
configure:2747: g++ -v >&5
Using built-in specs.
COLLECT_GCC=g++
COLLECT_LTO_WRAPPER=/usr/lib/gcc/x86_64-linux-gnu/4.6.1/lto-wrapper
Target: x86_64-linux-gnu
Configured with: ../src/configure -v --with-pkgversion='Ubuntu/Linaro 4.6.1-9ubuntu3' --with-bugurl=file:///usr/share/doc/gcc-4.6/README.Bugs --enable-languages=c,c++,fortran,objc,obj-c++,go --prefix=/usr --program-suffix=-4.6 --enable-shared --enable-linker-build-id --with-system-zlib --libexecdir=/usr/lib --without-included-gettext --enable-threads=posix --with-gxx-include-dir=/usr/include/c++/4.6 --libdir=/usr/lib --enable-nls --with-sysroot=/ --enable-clocale=gnu --enable-libstdcxx-debug --enable-libstdcxx-time=yes --enable-plugin --enable-objc-gc --disable-werror --with-arch-32=i686 --with-tune=generic --enable-checking=release --build=x86_64-linux-gnu --host=x86_64-linux-gnu --target=x86_64-linux-gnu
Thread model: posix
gcc version 4.6.1 (Ubuntu/Linaro 4.6.1-9ubuntu3) 
configure:2758: $? = 0
configure:2747: g++ -V >&5
g++: error: unrecognized option '-V'
g++: fatal error: no input files
compilation terminated.
configure:2758: $? = 4
configure:2747: g++ -qversion >&5
g++: error: unrecognized option '-qversion'
g++: fatal error: no input files
compilation terminated.
configure:2758: $? = 4
configure:2778: checking whether the C++ compiler works
configure:2800: g++    conftest.cpp  >&5
configure:2804: $? = 0
configure:2852: result: yes
configure:2855: checking for C++ compiler default output file name
configure:2857: result: a.out
configure:2863: checking for suffix of executables
configure:2870: g++ -o conftest    conftest.cpp  >&5
configure:2874: $? = 0
configure:2896: result: 
configure:2918: checking whether we are cross compiling
configure:2926: g++ -o conftest    conftest.cpp  >&5
configure:2930: $? = 0
configure:2937: ./conftest
configure:2941: $? = 0
configure:2956: result: no
configure:2961: checking for suffix of object files
configure:2983: g++ -c   conftest.cpp >&5
configure:2987: $? = 0
configure:3008: result: o
configure:3012: checking whether we are using the GNU C++ compiler
configure:3031: g++ -c   conftest.cpp >&5
configure:3031: $? = 0
configure:3040: result: yes
configure:3049: checking whether g++ accepts -g
configure:3069: g++ -c -g  conftest.cpp >&5
configure:3069: $? = 0
configure:3110: result: yes
configure:3144: checking for style of include used by make
configure:3172: result: GNU
configure:3197: checking dependency style of g++
configure:3307: result: gcc3
configure:3373: checking for gcc
configure:3389: found /usr/bin/gcc
configure:3400: result: gcc
configure:3629: checking for C compiler version
configure:3638: gcc --version >&5
gcc (Ubuntu/Linaro 4.6.1-9ubuntu3) 4.6.1
Copyright (C) 2011 Free Software Foundation, Inc.
This is free software; see the source for copying conditions.  There is NO
warranty; not even for MERCHANTABILITY or FITNESS FOR A PARTICULAR PURPOSE.

configure:3649: $? = 0
configure:3638: gcc -v >&5
Using built-in specs.
COLLECT_GCC=gcc
COLLECT_LTO_WRAPPER=/usr/lib/gcc/x86_64-linux-gnu/4.6.1/lto-wrapper
Target: x86_64-linux-gnu
Configured with: ../src/configure -v --with-pkgversion='Ubuntu/Linaro 4.6.1-9ubuntu3' --with-bugurl=file:///usr/share/doc/gcc-4.6/README.Bugs --enable-languages=c,c++,fortran,objc,obj-c++,go --prefix=/usr --program-suffix=-4.6 --enable-shared --enable-linker-build-id --with-system-zlib --libexecdir=/usr/lib --without-included-gettext --enable-threads=posix --with-gxx-include-dir=/usr/include/c++/4.6 --libdir=/usr/lib --enable-nls --with-sysroot=/ --enable-clocale=gnu --enable-libstdcxx-debug --enable-libstdcxx-time=yes --enable-plugin --enable-objc-gc --disable-werror --with-arch-32=i686 --with-tune=generic --enable-checking=release --build=x86_64-linux-gnu --host=x86_64-linux-gnu --target=x86_64-linux-gnu
Thread model: posix
gcc version 4.6.1 (Ubuntu/Linaro 4.6.1-9ubuntu3) 
configure:3649: $? = 0
configure:3638: gcc -V >&5
gcc: error: unrecognized option '-V'
gcc: fatal error: no input files
compilation terminated.
configure:3649: $? = 4
configure:3638: gcc -qversion >&5
gcc: error: unrecognized option '-qversion'
gcc: fatal error: no input files
compilation terminated.
configure:3649: $? = 4
configure:3653: checking whether we are using the GNU C compiler
configure:3672: gcc -c   conftest.c >&5
configure:3672: $? = 0
configure:3681: result: yes
configure:3690: checking whether gcc accepts -g
configure:3710: gcc -c -g  conftest.c >&5
configure:3710: $? = 0
configure:3751: result: yes
configure:3768: checking for gcc option to accept ISO C89
configure:3832: gcc  -c -g -O2  conftest.c >&5
configure:3832: $? = 0
configure:3845: result: none needed
configure:3867: checking dependency style of gcc
configure:3977: result: gcc3
configure:3998: checking how to run the C preprocessor
configure:4029: gcc -E  conftest.c
configure:4029: $? = 0
configure:4043: gcc -E  conftest.c
conftest.c:11:28: fatal error: ac_nonexistent.h: No such file or directory
compilation terminated.
configure:4043: $? = 1
configure: failed program was:
| /* confdefs.h */
| #define PACKAGE_NAME "vinterm"
| #define PACKAGE_TARNAME "vinterm"
| #define PACKAGE_VERSION "0.1.0"
| #define PACKAGE_STRING "vinterm 0.1.0"
| #define PACKAGE_BUGREPORT "http://code.google.com/p/vinterm/issues/"
| #define PACKAGE_URL ""
| #define PACKAGE "vinterm"
| #define VERSION "0.1.0"
| /* end confdefs.h.  */
| #include <ac_nonexistent.h>
configure:4068: result: gcc -E
configure:4088: gcc -E  conftest.c
configure:4088: $? = 0
configure:4102: gcc -E  conftest.c
conftest.c:11:28: fatal error: ac_nonexistent.h: No such file or directory
compilation terminated.
configure:4102: $? = 1
configure: failed program was:
| /* confdefs.h */
| #define PACKAGE_NAME "vinterm"
| #define PACKAGE_TARNAME "vinterm"
| #define PACKAGE_VERSION "0.1.0"
| #define PACKAGE_STRING "vinterm 0.1.0"
| #define PACKAGE_BUGREPORT "http://code.google.com/p/vinterm/issues/"
| #define PACKAGE_URL ""
| #define PACKAGE "vinterm"
| #define VERSION "0.1.0"
| /* end confdefs.h.  */
| #include <ac_nonexistent.h>
configure:4131: checking for grep that handles long lines and -e
configure:4189: result: /bin/grep
configure:4194: checking for egrep
configure:4256: result: /bin/grep -E
configure:4261: checking for ANSI C header files
configure:4281: gcc -c -g -O2  conftest.c >&5
configure:4281: $? = 0
configure:4354: gcc -o conftest -g -O2   conftest.c  >&5
configure:4354: $? = 0
configure:4354: ./conftest
configure:4354: $? = 0
configure:4365: result: yes
configure:4378: checking for sys/types.h
configure:4378: gcc -c -g -O2  conftest.c >&5
configure:4378: $? = 0
configure:4378: result: yes
configure:4378: checking for sys/stat.h
configure:4378: gcc -c -g -O2  conftest.c >&5
configure:4378: $? = 0
configure:4378: result: yes
configure:4378: checking for stdlib.h
configure:4378: gcc -c -g -O2  conftest.c >&5
configure:4378: $? = 0
configure:4378: result: yes
configure:4378: checking for string.h
configure:4378: gcc -c -g -O2  conftest.c >&5
configure:4378: $? = 0
configure:4378: result: yes
configure:4378: checking for memory.h
configure:4378: gcc -c -g -O2  conftest.c >&5
configure:4378: $? = 0
configure:4378: result: yes
configure:4378: checking for strings.h
configure:4378: gcc -c -g -O2  conftest.c >&5
configure:4378: $? = 0
configure:4378: result: yes
configure:4378: checking for inttypes.h
configure:4378: gcc -c -g -O2  conftest.c >&5
configure:4378: $? = 0
configure:4378: result: yes
configure:4378: checking for stdint.h
configure:4378: gcc -c -g -O2  conftest.c >&5
configure:4378: $? = 0
configure:4378: result: yes
configure:4378: checking for unistd.h
configure:4378: gcc -c -g -O2  conftest.c >&5
configure:4378: $? = 0
configure:4378: result: yes
configure:4393: checking X usability
configure:4393: gcc -c -g -O2  conftest.c >&5
conftest.c:54:13: fatal error: X: No such file or directory
compilation terminated.
configure:4393: $? = 1
configure: failed program was:
| /* confdefs.h */
| #define PACKAGE_NAME "vinterm"
| #define PACKAGE_TARNAME "vinterm"
| #define PACKAGE_VERSION "0.1.0"
| #define PACKAGE_STRING "vinterm 0.1.0"
| #define PACKAGE_BUGREPORT "http://code.google.com/p/vinterm/issues/"
| #define PACKAGE_URL ""
| #define PACKAGE "vinterm"
| #define VERSION "0.1.0"
| #define STDC_HEADERS 1
| #define HAVE_SYS_TYPES_H 1
| #define HAVE_SYS_STAT_H 1
| #define HAVE_STDLIB_H 1
| #define HAVE_STRING_H 1
| #define HAVE_MEMORY_H 1
| #define HAVE_STRINGS_H 1
| #define HAVE_INTTYPES_H 1
| #define HAVE_STDINT_H 1
| #define HAVE_UNISTD_H 1
| /* end confdefs.h.  */
| #include <stdio.h>
| #ifdef HAVE_SYS_TYPES_H
| # include <sys/types.h>
| #endif
| #ifdef HAVE_SYS_STAT_H
| # include <sys/stat.h>
| #endif
| #ifdef STDC_HEADERS
| # include <stdlib.h>
| # include <stddef.h>
| #else
| # ifdef HAVE_STDLIB_H
| #  include <stdlib.h>
| # endif
| #endif
| #ifdef HAVE_STRING_H
| # if !defined STDC_HEADERS && defined HAVE_MEMORY_H
| #  include <memory.h>
| # endif
| # include <string.h>
| #endif
| #ifdef HAVE_STRINGS_H
| # include <strings.h>
| #endif
| #ifdef HAVE_INTTYPES_H
| # include <inttypes.h>
| #endif
| #ifdef HAVE_STDINT_H
| # include <stdint.h>
| #endif
| #ifdef HAVE_UNISTD_H
| # include <unistd.h>
| #endif
| #include <X>
configure:4393: result: no
configure:4393: checking X presence
configure:4393: gcc -E  conftest.c
conftest.c:21:13: fatal error: X: No such file or directory
compilation terminated.
configure:4393: $? = 1
configure: failed program was:
| /* confdefs.h */
| #define PACKAGE_NAME "vinterm"
| #define PACKAGE_TARNAME "vinterm"
| #define PACKAGE_VERSION "0.1.0"
| #define PACKAGE_STRING "vinterm 0.1.0"
| #define PACKAGE_BUGREPORT "http://code.google.com/p/vinterm/issues/"
| #define PACKAGE_URL ""
| #define PACKAGE "vinterm"
| #define VERSION "0.1.0"
| #define STDC_HEADERS 1
| #define HAVE_SYS_TYPES_H 1
| #define HAVE_SYS_STAT_H 1
| #define HAVE_STDLIB_H 1
| #define HAVE_STRING_H 1
| #define HAVE_MEMORY_H 1
| #define HAVE_STRINGS_H 1
| #define HAVE_INTTYPES_H 1
| #define HAVE_STDINT_H 1
| #define HAVE_UNISTD_H 1
| /* end confdefs.h.  */
| #include <X>
configure:4393: result: no
configure:4393: checking for X
configure:4393: result: no
configure:4393: checking $CC usability
configure:4393: gcc -c -g -O2  conftest.c >&5
conftest.c:54:15: fatal error: $CC: No such file or directory
compilation terminated.
configure:4393: $? = 1
configure: failed program was:
| /* confdefs.h */
| #define PACKAGE_NAME "vinterm"
| #define PACKAGE_TARNAME "vinterm"
| #define PACKAGE_VERSION "0.1.0"
| #define PACKAGE_STRING "vinterm 0.1.0"
| #define PACKAGE_BUGREPORT "http://code.google.com/p/vinterm/issues/"
| #define PACKAGE_URL ""
| #define PACKAGE "vinterm"
| #define VERSION "0.1.0"
| #define STDC_HEADERS 1
| #define HAVE_SYS_TYPES_H 1
| #define HAVE_SYS_STAT_H 1
| #define HAVE_STDLIB_H 1
| #define HAVE_STRING_H 1
| #define HAVE_MEMORY_H 1
| #define HAVE_STRINGS_H 1
| #define HAVE_INTTYPES_H 1
| #define HAVE_STDINT_H 1
| #define HAVE_UNISTD_H 1
| /* end confdefs.h.  */
| #include <stdio.h>
| #ifdef HAVE_SYS_TYPES_H
| # include <sys/types.h>
| #endif
| #ifdef HAVE_SYS_STAT_H
| # include <sys/stat.h>
| #endif
| #ifdef STDC_HEADERS
| # include <stdlib.h>
| # include <stddef.h>
| #else
| # ifdef HAVE_STDLIB_H
| #  include <stdlib.h>
| # endif
| #endif
| #ifdef HAVE_STRING_H
| # if !defined STDC_HEADERS && defined HAVE_MEMORY_H
| #  include <memory.h>
| # endif
| # include <string.h>
| #endif
| #ifdef HAVE_STRINGS_H
| # include <strings.h>
| #endif
| #ifdef HAVE_INTTYPES_H
| # include <inttypes.h>
| #endif
| #ifdef HAVE_STDINT_H
| # include <stdint.h>
| #endif
| #ifdef HAVE_UNISTD_H
| # include <unistd.h>
| #endif
| #include <$CC>
configure:4393: result: no
configure:4393: checking $CC presence
configure:4393: gcc -E  conftest.c
conftest.c:21:15: fatal error: $CC: No such file or directory
compilation terminated.
configure:4393: $? = 1
configure: failed program was:
| /* confdefs.h */
| #define PACKAGE_NAME "vinterm"
| #define PACKAGE_TARNAME "vinterm"
| #define PACKAGE_VERSION "0.1.0"
| #define PACKAGE_STRING "vinterm 0.1.0"
| #define PACKAGE_BUGREPORT "http://code.google.com/p/vinterm/issues/"
| #define PACKAGE_URL ""
| #define PACKAGE "vinterm"
| #define VERSION "0.1.0"
| #define STDC_HEADERS 1
| #define HAVE_SYS_TYPES_H 1
| #define HAVE_SYS_STAT_H 1
| #define HAVE_STDLIB_H 1
| #define HAVE_STRING_H 1
| #define HAVE_MEMORY_H 1
| #define HAVE_STRINGS_H 1
| #define HAVE_INTTYPES_H 1
| #define HAVE_STDINT_H 1
| #define HAVE_UNISTD_H 1
| /* end confdefs.h.  */
| #include <$CC>
configure:4393: result: no
configure:4393: checking for $CC
configure:4393: result: no
configure:4393: checking -c usability
configure:4393: gcc -c -g -O2  conftest.c >&5
conftest.c:54:14: fatal error: -c: No such file or directory
compilation terminated.
configure:4393: $? = 1
configure: failed program was:
| /* confdefs.h */
| #define PACKAGE_NAME "vinterm"
| #define PACKAGE_TARNAME "vinterm"
| #define PACKAGE_VERSION "0.1.0"
| #define PACKAGE_STRING "vinterm 0.1.0"
| #define PACKAGE_BUGREPORT "http://code.google.com/p/vinterm/issues/"
| #define PACKAGE_URL ""
| #define PACKAGE "vinterm"
| #define VERSION "0.1.0"
| #define STDC_HEADERS 1
| #define HAVE_SYS_TYPES_H 1
| #define HAVE_SYS_STAT_H 1
| #define HAVE_STDLIB_H 1
| #define HAVE_STRING_H 1
| #define HAVE_MEMORY_H 1
| #define HAVE_STRINGS_H 1
| #define HAVE_INTTYPES_H 1
| #define HAVE_STDINT_H 1
| #define HAVE_UNISTD_H 1
| /* end confdefs.h.  */
| #include <stdio.h>
| #ifdef HAVE_SYS_TYPES_H
| # include <sys/types.h>
| #endif
| #ifdef HAVE_SYS_STAT_H
| # include <sys/stat.h>
| #endif
| #ifdef STDC_HEADERS
| # include <stdlib.h>
| # include <stddef.h>
| #else
| # ifdef HAVE_STDLIB_H
| #  include <stdlib.h>
| # endif
| #endif
| #ifdef HAVE_STRING_H
| # if !defined STDC_HEADERS && defined HAVE_MEMORY_H
| #  include <memory.h>
| # endif
| # include <string.h>
| #endif
| #ifdef HAVE_STRINGS_H
| # include <strings.h>
| #endif
| #ifdef HAVE_INTTYPES_H
| # include <inttypes.h>
| #endif
| #ifdef HAVE_STDINT_H
| # include <stdint.h>
| #endif
| #ifdef HAVE_UNISTD_H
| # include <unistd.h>
| #endif
| #include <-c>
configure:4393: result: no
configure:4393: checking -c presence
configure:4393: gcc -E  conftest.c
conftest.c:21:14: fatal error: -c: No such file or directory
compilation terminated.
configure:4393: $? = 1
configure: failed program was:
| /* confdefs.h */
| #define PACKAGE_NAME "vinterm"
| #define PACKAGE_TARNAME "vinterm"
| #define PACKAGE_VERSION "0.1.0"
| #define PACKAGE_STRING "vinterm 0.1.0"
| #define PACKAGE_BUGREPORT "http://code.google.com/p/vinterm/issues/"
| #define PACKAGE_URL ""
| #define PACKAGE "vinterm"
| #define VERSION "0.1.0"
| #define STDC_HEADERS 1
| #define HAVE_SYS_TYPES_H 1
| #define HAVE_SYS_STAT_H 1
| #define HAVE_STDLIB_H 1
| #define HAVE_STRING_H 1
| #define HAVE_MEMORY_H 1
| #define HAVE_STRINGS_H 1
| #define HAVE_INTTYPES_H 1
| #define HAVE_STDINT_H 1
| #define HAVE_UNISTD_H 1
| /* end confdefs.h.  */
| #include <-c>
configure:4393: result: no
configure:4393: checking for -c
configure:4393: result: no
configure:4393: checking $CFLAGS usability
configure:4393: gcc -c -g -O2  conftest.c >&5
conftest.c:54:19: fatal error: $CFLAGS: No such file or directory
compilation terminated.
configure:4393: $? = 1
configure: failed program was:
| /* confdefs.h */
| #define PACKAGE_NAME "vinterm"
| #define PACKAGE_TARNAME "vinterm"
| #define PACKAGE_VERSION "0.1.0"
| #define PACKAGE_STRING "vinterm 0.1.0"
| #define PACKAGE_BUGREPORT "http://code.google.com/p/vinterm/issues/"
| #define PACKAGE_URL ""
| #define PACKAGE "vinterm"
| #define VERSION "0.1.0"
| #define STDC_HEADERS 1
| #define HAVE_SYS_TYPES_H 1
| #define HAVE_SYS_STAT_H 1
| #define HAVE_STDLIB_H 1
| #define HAVE_STRING_H 1
| #define HAVE_MEMORY_H 1
| #define HAVE_STRINGS_H 1
| #define HAVE_INTTYPES_H 1
| #define HAVE_STDINT_H 1
| #define HAVE_UNISTD_H 1
| /* end confdefs.h.  */
| #include <stdio.h>
| #ifdef HAVE_SYS_TYPES_H
| # include <sys/types.h>
| #endif
| #ifdef HAVE_SYS_STAT_H
| # include <sys/stat.h>
| #endif
| #ifdef STDC_HEADERS
| # include <stdlib.h>
| # include <stddef.h>
| #else
| # ifdef HAVE_STDLIB_H
| #  include <stdlib.h>
| # endif
| #endif
| #ifdef HAVE_STRING_H
| # if !defined STDC_HEADERS && defined HAVE_MEMORY_H
| #  include <memory.h>
| # endif
| # include <string.h>
| #endif
| #ifdef HAVE_STRINGS_H
| # include <strings.h>
| #endif
| #ifdef HAVE_INTTYPES_H
| # include <inttypes.h>
| #endif
| #ifdef HAVE_STDINT_H
| # include <stdint.h>
| #endif
| #ifdef HAVE_UNISTD_H
| # include <unistd.h>
| #endif
| #include <$CFLAGS>
configure:4393: result: no
configure:4393: checking $CFLAGS presence
configure:4393: gcc -E  conftest.c
conftest.c:21:19: fatal error: $CFLAGS: No such file or directory
compilation terminated.
configure:4393: $? = 1
configure: failed program was:
| /* confdefs.h */
| #define PACKAGE_NAME "vinterm"
| #define PACKAGE_TARNAME "vinterm"
| #define PACKAGE_VERSION "0.1.0"
| #define PACKAGE_STRING "vinterm 0.1.0"
| #define PACKAGE_BUGREPORT "http://code.google.com/p/vinterm/issues/"
| #define PACKAGE_URL ""
| #define PACKAGE "vinterm"
| #define VERSION "0.1.0"
| #define STDC_HEADERS 1
| #define HAVE_SYS_TYPES_H 1
| #define HAVE_SYS_STAT_H 1
| #define HAVE_STDLIB_H 1
| #define HAVE_STRING_H 1
| #define HAVE_MEMORY_H 1
| #define HAVE_STRINGS_H 1
| #define HAVE_INTTYPES_H 1
| #define HAVE_STDINT_H 1
| #define HAVE_UNISTD_H 1
| /* end confdefs.h.  */
| #include <$CFLAGS>
configure:4393: result: no
configure:4393: checking for $CFLAGS
configure:4393: result: no
configure:4393: checking $CPPFLAGS usability
configure:4393: gcc -c -g -O2  conftest.c >&5
conftest.c:54:21: fatal error: $CPPFLAGS: No such file or directory
compilation terminated.
configure:4393: $? = 1
configure: failed program was:
| /* confdefs.h */
| #define PACKAGE_NAME "vinterm"
| #define PACKAGE_TARNAME "vinterm"
| #define PACKAGE_VERSION "0.1.0"
| #define PACKAGE_STRING "vinterm 0.1.0"
| #define PACKAGE_BUGREPORT "http://code.google.com/p/vinterm/issues/"
| #define PACKAGE_URL ""
| #define PACKAGE "vinterm"
| #define VERSION "0.1.0"
| #define STDC_HEADERS 1
| #define HAVE_SYS_TYPES_H 1
| #define HAVE_SYS_STAT_H 1
| #define HAVE_STDLIB_H 1
| #define HAVE_STRING_H 1
| #define HAVE_MEMORY_H 1
| #define HAVE_STRINGS_H 1
| #define HAVE_INTTYPES_H 1
| #define HAVE_STDINT_H 1
| #define HAVE_UNISTD_H 1
| /* end confdefs.h.  */
| #include <stdio.h>
| #ifdef HAVE_SYS_TYPES_H
| # include <sys/types.h>
| #endif
| #ifdef HAVE_SYS_STAT_H
| # include <sys/stat.h>
| #endif
| #ifdef STDC_HEADERS
| # include <stdlib.h>
| # include <stddef.h>
| #else
| # ifdef HAVE_STDLIB_H
| #  include <stdlib.h>
| # endif
| #endif
| #ifdef HAVE_STRING_H
| # if !defined STDC_HEADERS && defined HAVE_MEMORY_H
| #  include <memory.h>
| # endif
| # include <string.h>
| #endif
| #ifdef HAVE_STRINGS_H
| # include <strings.h>
| #endif
| #ifdef HAVE_INTTYPES_H
| # include <inttypes.h>
| #endif
| #ifdef HAVE_STDINT_H
| # include <stdint.h>
| #endif
| #ifdef HAVE_UNISTD_H
| # include <unistd.h>
| #endif
| #include <$CPPFLAGS>
configure:4393: result: no
configure:4393: checking $CPPFLAGS presence
configure:4393: gcc -E  conftest.c
conftest.c:21:21: fatal error: $CPPFLAGS: No such file or directory
compilation terminated.
configure:4393: $? = 1
configure: failed program was:
| /* confdefs.h */
| #define PACKAGE_NAME "vinterm"
| #define PACKAGE_TARNAME "vinterm"
| #define PACKAGE_VERSION "0.1.0"
| #define PACKAGE_STRING "vinterm 0.1.0"
| #define PACKAGE_BUGREPORT "http://code.google.com/p/vinterm/issues/"
| #define PACKAGE_URL ""
| #define PACKAGE "vinterm"
| #define VERSION "0.1.0"
| #define STDC_HEADERS 1
| #define HAVE_SYS_TYPES_H 1
| #define HAVE_SYS_STAT_H 1
| #define HAVE_STDLIB_H 1
| #define HAVE_STRING_H 1
| #define HAVE_MEMORY_H 1
| #define HAVE_STRINGS_H 1
| #define HAVE_INTTYPES_H 1
| #define HAVE_STDINT_H 1
| #define HAVE_UNISTD_H 1
| /* end confdefs.h.  */
| #include <$CPPFLAGS>
configure:4393: result: no
configure:4393: checking for $CPPFLAGS
configure:4393: result: no
configure:4393: checking conftest.$ac_ext usability
configure:4393: gcc -c -g -O2  conftest.c >&5
conftest.c:54:28: fatal error: conftest.$ac_ext: No such file or directory
compilation terminated.
configure:4393: $? = 1
configure: failed program was:
| /* confdefs.h */
| #define PACKAGE_NAME "vinterm"
| #define PACKAGE_TARNAME "vinterm"
| #define PACKAGE_VERSION "0.1.0"
| #define PACKAGE_STRING "vinterm 0.1.0"
| #define PACKAGE_BUGREPORT "http://code.google.com/p/vinterm/issues/"
| #define PACKAGE_URL ""
| #define PACKAGE "vinterm"
| #define VERSION "0.1.0"
| #define STDC_HEADERS 1
| #define HAVE_SYS_TYPES_H 1
| #define HAVE_SYS_STAT_H 1
| #define HAVE_STDLIB_H 1
| #define HAVE_STRING_H 1
| #define HAVE_MEMORY_H 1
| #define HAVE_STRINGS_H 1
| #define HAVE_INTTYPES_H 1
| #define HAVE_STDINT_H 1
| #define HAVE_UNISTD_H 1
| /* end confdefs.h.  */
| #include <stdio.h>
| #ifdef HAVE_SYS_TYPES_H
| # include <sys/types.h>
| #endif
| #ifdef HAVE_SYS_STAT_H
| # include <sys/stat.h>
| #endif
| #ifdef STDC_HEADERS
| # include <stdlib.h>
| # include <stddef.h>
| #else
| # ifdef HAVE_STDLIB_H
| #  include <stdlib.h>
| # endif
| #endif
| #ifdef HAVE_STRING_H
| # if !defined STDC_HEADERS && defined HAVE_MEMORY_H
| #  include <memory.h>
| # endif
| # include <string.h>
| #endif
| #ifdef HAVE_STRINGS_H
| # include <strings.h>
| #endif
| #ifdef HAVE_INTTYPES_H
| # include <inttypes.h>
| #endif
| #ifdef HAVE_STDINT_H
| # include <stdint.h>
| #endif
| #ifdef HAVE_UNISTD_H
| # include <unistd.h>
| #endif
| #include <conftest.$ac_ext>
configure:4393: result: no
configure:4393: checking conftest.$ac_ext presence
configure:4393: gcc -E  conftest.c
conftest.c:21:28: fatal error: conftest.$ac_ext: No such file or directory
compilation terminated.
configure:4393: $? = 1
configure: failed program was:
| /* confdefs.h */
| #define PACKAGE_NAME "vinterm"
| #define PACKAGE_TARNAME "vinterm"
| #define PACKAGE_VERSION "0.1.0"
| #define PACKAGE_STRING "vinterm 0.1.0"
| #define PACKAGE_BUGREPORT "http://code.google.com/p/vinterm/issues/"
| #define PACKAGE_URL ""
| #define PACKAGE "vinterm"
| #define VERSION "0.1.0"
| #define STDC_HEADERS 1
| #define HAVE_SYS_TYPES_H 1
| #define HAVE_SYS_STAT_H 1
| #define HAVE_STDLIB_H 1
| #define HAVE_STRING_H 1
| #define HAVE_MEMORY_H 1
| #define HAVE_STRINGS_H 1
| #define HAVE_INTTYPES_H 1
| #define HAVE_STDINT_H 1
| #define HAVE_UNISTD_H 1
| /* end confdefs.h.  */
| #include <conftest.$ac_ext>
configure:4393: result: no
configure:4393: checking for conftest.$ac_ext
configure:4393: result: no
configure:4393: checking >&5 usability
configure:4393: gcc -c -g -O2  conftest.c >&5
conftest.c:54:12: warning: extra tokens at end of #include directive [enabled by default]
conftest.c:54:10: error: empty filename in #include
configure:4393: $? = 1
configure: failed program was:
| /* confdefs.h */
| #define PACKAGE_NAME "vinterm"
| #define PACKAGE_TARNAME "vinterm"
| #define PACKAGE_VERSION "0.1.0"
| #define PACKAGE_STRING "vinterm 0.1.0"
| #define PACKAGE_BUGREPORT "http://code.google.com/p/vinterm/issues/"
| #define PACKAGE_URL ""
| #define PACKAGE "vinterm"
| #define VERSION "0.1.0"
| #define STDC_HEADERS 1
| #define HAVE_SYS_TYPES_H 1
| #define HAVE_SYS_STAT_H 1
| #define HAVE_STDLIB_H 1
| #define HAVE_STRING_H 1
| #define HAVE_MEMORY_H 1
| #define HAVE_STRINGS_H 1
| #define HAVE_INTTYPES_H 1
| #define HAVE_STDINT_H 1
| #define HAVE_UNISTD_H 1
| /* end confdefs.h.  */
| #include <stdio.h>
| #ifdef HAVE_SYS_TYPES_H
| # include <sys/types.h>
| #endif
| #ifdef HAVE_SYS_STAT_H
| # include <sys/stat.h>
| #endif
| #ifdef STDC_HEADERS
| # include <stdlib.h>
| # include <stddef.h>
| #else
| # ifdef HAVE_STDLIB_H
| #  include <stdlib.h>
| # endif
| #endif
| #ifdef HAVE_STRING_H
| # if !defined STDC_HEADERS && defined HAVE_MEMORY_H
| #  include <memory.h>
| # endif
| # include <string.h>
| #endif
| #ifdef HAVE_STRINGS_H
| # include <strings.h>
| #endif
| #ifdef HAVE_INTTYPES_H
| # include <inttypes.h>
| #endif
| #ifdef HAVE_STDINT_H
| # include <stdint.h>
| #endif
| #ifdef HAVE_UNISTD_H
| # include <unistd.h>
| #endif
| #include <>&5>
configure:4393: result: no
configure:4393: checking >&5 presence
configure:4393: gcc -E  conftest.c
conftest.c:21:12: warning: extra tokens at end of #include directive [enabled by default]
conftest.c:21:10: error: empty filename in #include
configure:4393: $? = 1
configure: failed program was:
| /* confdefs.h */
| #define PACKAGE_NAME "vinterm"
| #define PACKAGE_TARNAME "vinterm"
| #define PACKAGE_VERSION "0.1.0"
| #define PACKAGE_STRING "vinterm 0.1.0"
| #define PACKAGE_BUGREPORT "http://code.google.com/p/vinterm/issues/"
| #define PACKAGE_URL ""
| #define PACKAGE "vinterm"
| #define VERSION "0.1.0"
| #define STDC_HEADERS 1
| #define HAVE_SYS_TYPES_H 1
| #define HAVE_SYS_STAT_H 1
| #define HAVE_STDLIB_H 1
| #define HAVE_STRING_H 1
| #define HAVE_MEMORY_H 1
| #define HAVE_STRINGS_H 1
| #define HAVE_INTTYPES_H 1
| #define HAVE_STDINT_H 1
| #define HAVE_UNISTD_H 1
| /* end confdefs.h.  */
| #include <>&5>
configure:4393: result: no
configure:4393: checking for >&5
configure:4393: result: no
configure:4405: checking whether to build with debug information
configure:4414: result: no
configure:4430: checking whether to compile with DUMA support
configure:4439: result: no
configure:4539: checking for sdl-config
configure:4557: found /usr/bin/sdl-config
configure:4570: result: /usr/bin/sdl-config
configure:4580: checking for SDL - version >= 1.2.0
configure:4667: gcc -o conftest -g -O2 -I/usr/include/SDL -D_GNU_SOURCE=1 -D_REENTRANT   conftest.c  -L/usr/lib -lSDL >&5
configure:4667: $? = 0
configure:4667: ./conftest
configure:4667: $? = 0
configure:4682: result: yes
configure:4905: creating ./config.status

## ---------------------- ##
## Running config.status. ##
## ---------------------- ##

This file was extended by vinterm config.status 0.1.0, which was
generated by GNU Autoconf 2.68.  Invocation command line was

  CONFIG_FILES    = 
  CONFIG_HEADERS  = 
  CONFIG_LINKS    = 
  CONFIG_COMMANDS = 
  $ ./config.status 

on andre-Dell-System-XPS-L502X

config.status:872: creating Makefile
config.status:872: creating src/Makefile
config.status:872: creating data/Makefile
config.status:872: creating config.h
config.status:1101: executing depfiles commands

## ---------------- ##
## Cache variables. ##
## ---------------- ##

ac_cv_c_compiler_gnu=yes
ac_cv_cxx_compiler_gnu=yes
ac_cv_env_CCC_set=
ac_cv_env_CCC_value=
ac_cv_env_CC_set=
ac_cv_env_CC_value=
ac_cv_env_CFLAGS_set=
ac_cv_env_CFLAGS_value=
ac_cv_env_CPPFLAGS_set=
ac_cv_env_CPPFLAGS_value=
ac_cv_env_CPP_set=
ac_cv_env_CPP_value=
ac_cv_env_CXXFLAGS_set=
ac_cv_env_CXXFLAGS_value=
ac_cv_env_CXX_set=
ac_cv_env_CXX_value=
ac_cv_env_LDFLAGS_set=
ac_cv_env_LDFLAGS_value=
ac_cv_env_LIBS_set=
ac_cv_env_LIBS_value=
ac_cv_env_build_alias_set=
ac_cv_env_build_alias_value=
ac_cv_env_host_alias_set=
ac_cv_env_host_alias_value=
ac_cv_env_target_alias_set=
ac_cv_env_target_alias_value=
ac_cv_header_X=no
ac_cv_header__CC=no
ac_cv_header__CFLAGS=no
ac_cv_header__CPPFLAGS=no
ac_cv_header___5=no
ac_cv_header__c=no
ac_cv_header_conftest__ac_ext=no
ac_cv_header_inttypes_h=yes
ac_cv_header_memory_h=yes
ac_cv_header_stdc=yes
ac_cv_header_stdint_h=yes
ac_cv_header_stdlib_h=yes
ac_cv_header_string_h=yes
ac_cv_header_strings_h=yes
ac_cv_header_sys_stat_h=yes
ac_cv_header_sys_types_h=yes
ac_cv_header_unistd_h=yes
ac_cv_objext=o
ac_cv_path_EGREP='/bin/grep -E'
ac_cv_path_GREP=/bin/grep
ac_cv_path_SDL_CONFIG=/usr/bin/sdl-config
ac_cv_path_install='/usr/bin/install -c'
ac_cv_path_mkdir=/bin/mkdir
ac_cv_prog_AWK=gawk
ac_cv_prog_CPP='gcc -E'
ac_cv_prog_ac_ct_CC=gcc
ac_cv_prog_ac_ct_CXX=g++
ac_cv_prog_cc_c89=
ac_cv_prog_cc_g=yes
ac_cv_prog_cxx_g=yes
ac_cv_prog_make_make_set=yes
am_cv_CC_dependencies_compiler_type=gcc3
am_cv_CXX_dependencies_compiler_type=gcc3

## ----------------- ##
## Output variables. ##
## ----------------- ##

ACLOCAL='${SHELL} /home/andre/projects/vinterm/missing --run aclocal-1.11'
AMDEPBACKSLASH='\'
AMDEP_FALSE='#'
AMDEP_TRUE=''
AMTAR='${SHELL} /home/andre/projects/vinterm/missing --run tar'
AM_CPPFLAGS=' -O3'
AUTOCONF='${SHELL} /home/andre/projects/vinterm/missing --run autoconf'
AUTOHEADER='${SHELL} /home/andre/projects/vinterm/missing --run autoheader'
AUTOMAKE='${SHELL} /home/andre/projects/vinterm/missing --run automake-1.11'
AWK='gawk'
CC='gcc'
CCDEPMODE='depmode=gcc3'
CFLAGS='-g -O2'
CPP='gcc -E'
CPPFLAGS=' -I/usr/include/SDL -D_GNU_SOURCE=1 -D_REENTRANT'
CXX='g++'
CXXDEPMODE='depmode=gcc3'
CXXFLAGS=''
CYGPATH_W='echo'
DEFS='-DHAVE_CONFIG_H'
DEPDIR='.deps'
ECHO_C=''
ECHO_N='-n'
ECHO_T=''
EGREP='/bin/grep -E'
EXEEXT=''
GREP='/bin/grep'
INSTALL_DATA='${INSTALL} -m 644'
INSTALL_PROGRAM='${INSTALL}'
INSTALL_SCRIPT='${INSTALL}'
INSTALL_STRIP_PROGRAM='$(install_sh) -c -s'
LDFLAGS=''
LIBOBJS=''
LIBS=' -L/usr/lib -lSDL'
LTLIBOBJS=''
MAKEINFO='${SHELL} /home/andre/projects/vinterm/missing --run makeinfo'
MKDIR_P='/bin/mkdir -p'
OBJEXT='o'
PACKAGE='vinterm'
PACKAGE_BUGREPORT='http://code.google.com/p/vinterm/issues/'
PACKAGE_NAME='vinterm'
PACKAGE_STRING='vinterm 0.1.0'
PACKAGE_TARNAME='vinterm'
PACKAGE_URL=''
PACKAGE_VERSION='0.1.0'
PATH_SEPARATOR=':'
SDL_CFLAGS='-I/usr/include/SDL -D_GNU_SOURCE=1 -D_REENTRANT'
SDL_CONFIG='/usr/bin/sdl-config'
SDL_LIBS='-L/usr/lib -lSDL'
SET_MAKE=''
SHELL='/bin/bash'
STRIP=''
VERSION='0.1.0'
ac_ct_CC='gcc'
ac_ct_CXX='g++'
am__EXEEXT_FALSE=''
am__EXEEXT_TRUE='#'
am__fastdepCC_FALSE='#'
am__fastdepCC_TRUE=''
am__fastdepCXX_FALSE='#'
am__fastdepCXX_TRUE=''
am__include='include'
am__isrc=''
am__leading_dot='.'
am__quote=''
am__tar='${AMTAR} chof - "$$tardir"'
am__untar='${AMTAR} xf -'
bindir='${exec_prefix}/bin'
build_alias=''
datadir='${datarootdir}'
datarootdir='${prefix}/share'
docdir='${datarootdir}/doc/${PACKAGE_TARNAME}'
dvidir='${docdir}'
exec_prefix='${prefix}'
host_alias=''
htmldir='${docdir}'
includedir='${prefix}/include'
infodir='${datarootdir}/info'
install_sh='${SHELL} /home/andre/projects/vinterm/install-sh'
libdir='${exec_prefix}/lib'
libexecdir='${exec_prefix}/libexec'
localedir='${datarootdir}/locale'
localstatedir='${prefix}/var'
mandir='${datarootdir}/man'
mkdir_p='/bin/mkdir -p'
oldincludedir='/usr/include'
pdfdir='${docdir}'
prefix='/usr/local'
program_transform_name='s,x,x,'
psdir='${docdir}'
sbindir='${exec_prefix}/sbin'
sharedstatedir='${prefix}/com'
sysconfdir='${prefix}/etc'
target_alias=''

## ----------- ##
## confdefs.h. ##
## ----------- ##

/* confdefs.h */
#define PACKAGE_NAME "vinterm"
#define PACKAGE_TARNAME "vinterm"
#define PACKAGE_VERSION "0.1.0"
#define PACKAGE_STRING "vinterm 0.1.0"
#define PACKAGE_BUGREPORT "http://code.google.com/p/vinterm/issues/"
#define PACKAGE_URL ""
#define PACKAGE "vinterm"
#define VERSION "0.1.0"
#define STDC_HEADERS 1
#define HAVE_SYS_TYPES_H 1
#define HAVE_SYS_STAT_H 1
#define HAVE_STDLIB_H 1
#define HAVE_STRING_H 1
#define HAVE_MEMORY_H 1
#define HAVE_STRINGS_H 1
#define HAVE_INTTYPES_H 1
#define HAVE_STDINT_H 1
#define HAVE_UNISTD_H 1
#define NDEBUG /**/

configure: exit 0

## ---------------------- ##
## Running config.status. ##
## ---------------------- ##

This file was extended by vinterm config.status 0.1.0, which was
generated by GNU Autoconf 2.68.  Invocation command line was

  CONFIG_FILES    = 
  CONFIG_HEADERS  = 
  CONFIG_LINKS    = 
  CONFIG_COMMANDS = 
  $ ./config.status Makefile

on andre-Dell-System-XPS-L502X

config.status:872: creating Makefile
